# JRE version: Java(TM) SE Runtime Environment (8.0_211-b12) (build 1.8.0_211-b12)
# Java VM: Java HotSpot(TM) 64-Bit Server VM (25.211-b12 mixed mode windows-amd64 compressed oops)
Heap:
 PSYoungGen      total 320512K, used 128806K [0x00000000d5c00000, 0x00000000eaf00000, 0x0000000100000000)
  eden space 303616K, 36% used [0x00000000d5c00000,0x00000000dc94daf8,0x00000000e8480000)
  from space 16896K, 99% used [0x00000000e9e80000,0x00000000eaefbee0,0x00000000eaf00000)
  to   space 20992K, 0% used [0x00000000e8600000,0x00000000e8600000,0x00000000e9a80000)
 ParOldGen       total 80384K, used 23854K [0x0000000081400000, 0x0000000086280000, 0x00000000d5c00000)
  object space 80384K, 29% used [0x0000000081400000,0x0000000082b4bbb0,0x0000000086280000)
 Metaspace       used 47550K, capacity 48112K, committed 48600K, reserved 1091584K
  class space    used 6203K, capacity 6318K, committed 6400K, reserved 1048576K
GC Heap History (10 events):
Event: 2.478 GC heap before
{Heap before GC invocations=8 (full 1):
 PSYoungGen      total 141824K, used 133096K [0x00000000d5c00000, 0x00000000df000000, 0x0000000100000000)
  eden space 133120K, 99% used [0x00000000d5c00000,0x00000000dddfa2d8,0x00000000dde00000)
  from space 8704K, 0% used [0x00000000de780000,0x00000000de780000,0x00000000df000000)
  to   space 9216K, 0% used [0x00000000dde00000,0x00000000dde00000,0x00000000de700000)
 ParOldGen       total 55808K, used 7135K [0x0000000081400000, 0x0000000084a80000, 0x00000000d5c00000)
  object space 55808K, 12% used [0x0000000081400000,0x0000000081af7fe0,0x0000000084a80000)
 Metaspace       used 27077K, capacity 27464K, committed 27776K, reserved 1073152K
  class space    used 3547K, capacity 3644K, committed 3712K, reserved 1048576K
Event: 2.487 GC heap after
Heap after GC invocations=8 (full 1):
 PSYoungGen      total 142336K, used 9187K [0x00000000d5c00000, 0x00000000e4580000, 0x0000000100000000)
  eden space 133120K, 0% used [0x00000000d5c00000,0x00000000d5c00000,0x00000000dde00000)
  from space 9216K, 99% used [0x00000000dde00000,0x00000000de6f8cd8,0x00000000de700000)
  to   space 12288K, 0% used [0x00000000e3980000,0x00000000e3980000,0x00000000e4580000)
 ParOldGen       total 55808K, used 10950K [0x0000000081400000, 0x0000000084a80000, 0x00000000d5c00000)
  object space 55808K, 19% used [0x0000000081400000,0x0000000081eb1be8,0x0000000084a80000)
 Metaspace       used 27077K, capacity 27464K, committed 27776K, reserved 1073152K
  class space    used 3547K, capacity 3644K, committed 3712K, reserved 1048576K
}
Event: 3.286 GC heap before
{Heap before GC invocations=9 (full 1):
 PSYoungGen      total 142336K, used 142307K [0x00000000d5c00000, 0x00000000e4580000, 0x0000000100000000)
  eden space 133120K, 100% used [0x00000000d5c00000,0x00000000dde00000,0x00000000dde00000)
  from space 9216K, 99% used [0x00000000dde00000,0x00000000de6f8cd8,0x00000000de700000)
  to   space 12288K, 0% used [0x00000000e3980000,0x00000000e3980000,0x00000000e4580000)
 ParOldGen       total 55808K, used 10950K [0x0000000081400000, 0x0000000084a80000, 0x00000000d5c00000)
  object space 55808K, 19% used [0x0000000081400000,0x0000000081eb1be8,0x0000000084a80000)
 Metaspace       used 34532K, capacity 34936K, committed 35416K, reserved 1079296K
  class space    used 4517K, capacity 4612K, committed 4736K, reserved 1048576K
Event: 3.296 GC heap after
Heap after GC invocations=9 (full 1):
 PSYoungGen      total 222208K, used 12284K [0x00000000d5c00000, 0x00000000e4900000, 0x0000000100000000)
  eden space 209920K, 0% used [0x00000000d5c00000,0x00000000d5c00000,0x00000000e2900000)
  from space 12288K, 99% used [0x00000000e3980000,0x00000000e457f2e8,0x00000000e4580000)
  to   space 16384K, 0% used [0x00000000e2900000,0x00000000e2900000,0x00000000e3900000)
 ParOldGen       total 55808K, used 16404K [0x0000000081400000, 0x0000000084a80000, 0x00000000d5c00000)
  object space 55808K, 29% used [0x0000000081400000,0x0000000082405308,0x0000000084a80000)
 Metaspace       used 34532K, capacity 34936K, committed 35416K, reserved 1079296K
  class space    used 4517K, capacity 4612K, committed 4736K, reserved 1048576K
}
Event: 3.317 GC heap before
{Heap before GC invocations=10 (full 1):
 PSYoungGen      total 222208K, used 19881K [0x00000000d5c00000, 0x00000000e4900000, 0x0000000100000000)
  eden space 209920K, 3% used [0x00000000d5c00000,0x00000000d636b2e8,0x00000000e2900000)
  from space 12288K, 99% used [0x00000000e3980000,0x00000000e457f2e8,0x00000000e4580000)
  to   space 16384K, 0% used [0x00000000e2900000,0x00000000e2900000,0x00000000e3900000)
 ParOldGen       total 55808K, used 16404K [0x0000000081400000, 0x0000000084a80000, 0x00000000d5c00000)
  object space 55808K, 29% used [0x0000000081400000,0x0000000082405308,0x0000000084a80000)
 Metaspace       used 34801K, capacity 35160K, committed 35416K, reserved 1079296K
  class space    used 4559K, capacity 4644K, committed 4736K, reserved 1048576K
Event: 3.324 GC heap after
Heap after GC invocations=10 (full 1):
 PSYoungGen      total 226304K, used 12547K [0x00000000d5c00000, 0x00000000eaf00000, 0x0000000100000000)
  eden space 209920K, 0% used [0x00000000d5c00000,0x00000000d5c00000,0x00000000e2900000)
  from space 16384K, 76% used [0x00000000e2900000,0x00000000e3540fc8,0x00000000e3900000)
  to   space 16896K, 0% used [0x00000000e9e80000,0x00000000e9e80000,0x00000000eaf00000)
 ParOldGen       total 55808K, used 16404K [0x0000000081400000, 0x0000000084a80000, 0x00000000d5c00000)
  object space 55808K, 29% used [0x0000000081400000,0x0000000082405308,0x0000000084a80000)
 Metaspace       used 34801K, capacity 35160K, committed 35416K, reserved 1079296K
  class space    used 4559K, capacity 4644K, committed 4736K, reserved 1048576K
}
Event: 3.324 GC heap before
{Heap before GC invocations=11 (full 2):
 PSYoungGen      total 226304K, used 12547K [0x00000000d5c00000, 0x00000000eaf00000, 0x0000000100000000)
  eden space 209920K, 0% used [0x00000000d5c00000,0x00000000d5c00000,0x00000000e2900000)
  from space 16384K, 76% used [0x00000000e2900000,0x00000000e3540fc8,0x00000000e3900000)
  to   space 16896K, 0% used [0x00000000e9e80000,0x00000000e9e80000,0x00000000eaf00000)
 ParOldGen       total 55808K, used 16404K [0x0000000081400000, 0x0000000084a80000, 0x00000000d5c00000)
  object space 55808K, 29% used [0x0000000081400000,0x0000000082405308,0x0000000084a80000)
 Metaspace       used 34801K, capacity 35160K, committed 35416K, reserved 1079296K
  class space    used 4559K, capacity 4644K, committed 4736K, reserved 1048576K
Event: 3.364 GC heap after
Heap after GC invocations=11 (full 2):
 PSYoungGen      total 226304K, used 0K [0x00000000d5c00000, 0x00000000eaf00000, 0x0000000100000000)
  eden space 209920K, 0% used [0x00000000d5c00000,0x00000000d5c00000,0x00000000e2900000)
  from space 16384K, 0% used [0x00000000e2900000,0x00000000e2900000,0x00000000e3900000)
  to   space 16896K, 0% used [0x00000000e9e80000,0x00000000e9e80000,0x00000000eaf00000)
 ParOldGen       total 80384K, used 19476K [0x0000000081400000, 0x0000000086280000, 0x00000000d5c00000)
  object space 80384K, 24% used [0x0000000081400000,0x00000000827051d0,0x0000000086280000)
 Metaspace       used 34801K, capacity 35160K, committed 35416K, reserved 1079296K
  class space    used 4559K, capacity 4644K, committed 4736K, reserved 1048576K
}
Event: 4.616 GC heap before
{Heap before GC invocations=12 (full 2):
 PSYoungGen      total 226304K, used 209920K [0x00000000d5c00000, 0x00000000eaf00000, 0x0000000100000000)
  eden space 209920K, 100% used [0x00000000d5c00000,0x00000000e2900000,0x00000000e2900000)
  from space 16384K, 0% used [0x00000000e2900000,0x00000000e2900000,0x00000000e3900000)
  to   space 16896K, 0% used [0x00000000e9e80000,0x00000000e9e80000,0x00000000eaf00000)
 ParOldGen       total 80384K, used 19476K [0x0000000081400000, 0x0000000086280000, 0x00000000d5c00000)
  object space 80384K, 24% used [0x0000000081400000,0x00000000827051d0,0x0000000086280000)
 Metaspace       used 44014K, capacity 44552K, committed 44888K, reserved 1087488K
  class space    used 5743K, capacity 5900K, committed 6016K, reserved 1048576K
Event: 4.629 GC heap after
Heap after GC invocations=12 (full 2):
 PSYoungGen      total 320512K, used 16879K [0x00000000d5c00000, 0x00000000eaf00000, 0x0000000100000000)
  eden space 303616K, 0% used [0x00000000d5c00000,0x00000000d5c00000,0x00000000e8480000)
  from space 16896K, 99% used [0x00000000e9e80000,0x00000000eaefbee0,0x00000000eaf00000)
  to   space 20992K, 0% used [0x00000000e8600000,0x00000000e8600000,0x00000000e9a80000)
 ParOldGen       total 80384K, used 23854K [0x0000000081400000, 0x0000000086280000, 0x00000000d5c00000)
  object space 80384K, 29% used [0x0000000081400000,0x0000000082b4bbb0,0x0000000086280000)
 Metaspace       used 44014K, capacity 44552K, committed 44888K, reserved 1087488K
  class space    used 5743K, capacity 5900K, committed 6016K, reserved 1048576K
}

